[2025-11-11 01:30:04] [31merror[39m: ❌ Seeding failed: Validation error
[2025-11-11 01:39:53] [31merror[39m: ❌ Unhandled Rejection: Simulasi error 500 dari getAllUsers!
[2025-11-11 01:40:24] [31merror[39m: ❌ Unhandled Rejection: usrs is not defined
[2025-11-11 01:43:00] [31merror[39m: database cannot sync
[2025-11-11 01:52:22] [31merror[39m: ❌ Unhandled Rejection: Test error handling
[2025-11-11 01:52:29] [31merror[39m: ❌ Unhandled Rejection: Test error handling
[2025-11-11 01:53:08] [31merror[39m: ❌ Unhandled Rejection: Test error handling
[2025-11-11 01:53:09] [31merror[39m: ❌ Unhandled Rejection: Test error handling
[2025-11-11 22:51:29] [31merror[39m: ⚠️ [ERROR] 
[2025-11-11 22:52:19] [31merror[39m: ⚠️ [ERROR] 
[2025-11-11 22:52:58] [31merror[39m: ⚠️ [ERROR] 
[2025-11-11 22:53:29] [31merror[39m: ⚠️ [ERROR] 
[2025-11-11 23:31:04] [31merror[39m: [ERROR] POST /api/users - Unexpected non-whitespace character after JSON at position 185 (line 9 column 1)
[2025-11-11 23:31:04] [31merror[39m: Server error! - Unexpected non-whitespace character after JSON at position 185 (line 9 column 1), Stack: SyntaxError: Unexpected non-whitespace character after JSON at position 185 (line 9 column 1)
    at JSON.parse (<anonymous>)
    at parse (C:\Users\MyBook Hype AMD\Documents\project\sukaaksesnet\node_modules\body-parser\lib\types\json.js:92:19)
    at C:\Users\MyBook Hype AMD\Documents\project\sukaaksesnet\node_modules\body-parser\lib\read.js:128:18
    at AsyncResource.runInAsyncScope (node:async_hooks:211:14)
    at invokeCallback (C:\Users\MyBook Hype AMD\Documents\project\sukaaksesnet\node_modules\raw-body\index.js:238:16)
    at done (C:\Users\MyBook Hype AMD\Documents\project\sukaaksesnet\node_modules\raw-body\index.js:227:7)
    at IncomingMessage.onEnd (C:\Users\MyBook Hype AMD\Documents\project\sukaaksesnet\node_modules\raw-body\index.js:287:7)
    at IncomingMessage.emit (node:events:518:28)
    at endReadableNT (node:internal/streams/readable:1698:12)
    at process.processTicksAndRejections (node:internal/process/task_queues:90:21)
[2025-11-12 22:16:15] [31merror[39m: ⚠️ [ERROR] 
[2025-11-12 22:16:31] [31merror[39m: ⚠️ [ERROR] 
[2025-11-12 22:33:52] [31merror[39m: [ERROR] POST /api/register - Unexpected non-whitespace character after JSON at position 193 (line 13 column 1)
[2025-11-12 22:33:52] [31merror[39m: Server error! - Unexpected non-whitespace character after JSON at position 193 (line 13 column 1), Stack: SyntaxError: Unexpected non-whitespace character after JSON at position 193 (line 13 column 1)
    at JSON.parse (<anonymous>)
    at parse (C:\Users\MyBook Hype AMD\Documents\project\sukaaksesnet\node_modules\body-parser\lib\types\json.js:92:19)
    at C:\Users\MyBook Hype AMD\Documents\project\sukaaksesnet\node_modules\body-parser\lib\read.js:128:18
    at AsyncResource.runInAsyncScope (node:async_hooks:211:14)
    at invokeCallback (C:\Users\MyBook Hype AMD\Documents\project\sukaaksesnet\node_modules\raw-body\index.js:238:16)
    at done (C:\Users\MyBook Hype AMD\Documents\project\sukaaksesnet\node_modules\raw-body\index.js:227:7)
    at IncomingMessage.onEnd (C:\Users\MyBook Hype AMD\Documents\project\sukaaksesnet\node_modules\raw-body\index.js:287:7)
    at IncomingMessage.emit (node:events:518:28)
    at endReadableNT (node:internal/streams/readable:1698:12)
    at process.processTicksAndRejections (node:internal/process/task_queues:90:21)
