[2025-11-13 00:30:38] [32minfo[39m: Database Connected Successfully
[2025-11-13 00:30:38] [32minfo[39m: 🚀 [SERVER] is running on port http://localhost:3000
[2025-11-13 13:01:39] [31merror[39m: ⚠️ [ERROR] database error 
[2025-11-13 13:02:01] [32minfo[39m: Database Connected Successfully
[2025-11-13 13:02:01] [32minfo[39m: 🚀 [SERVER] is running on port http://localhost:3000
[2025-11-13 13:04:43] [32minfo[39m: Database Connected Successfully
[2025-11-13 13:04:43] [32minfo[39m: 🚀 [SERVER] is running on port http://localhost:3000
[2025-11-13 13:07:56] [32minfo[39m: Database Connected Successfully
[2025-11-13 13:07:56] [32minfo[39m: 🚀 [SERVER] is running on port http://localhost:3000
[2025-11-13 13:12:06] [32minfo[39m: Database Connected Successfully
[2025-11-13 13:12:06] [32minfo[39m: 🚀 [SERVER] is running on port http://localhost:3000
[2025-11-13 13:12:31] [32minfo[39m: Database Connected Successfully
[2025-11-13 13:12:31] [32minfo[39m: 🚀 [SERVER] is running on port http://localhost:3000
[2025-11-13 13:13:17] [32minfo[39m: Database Connected Successfully
[2025-11-13 13:13:17] [32minfo[39m: 🚀 [SERVER] is running on port http://localhost:3000
[2025-11-13 13:14:50] [32minfo[39m: Database Connected Successfully
[2025-11-13 13:14:50] [32minfo[39m: 🚀 [SERVER] is running on port http://localhost:3000
[2025-11-13 13:15:58] [32minfo[39m: Database Connected Successfully
[2025-11-13 13:15:58] [32minfo[39m: 🚀 [SERVER] is running on port http://localhost:3000
[2025-11-13 13:16:11] [32minfo[39m: Database Connected Successfully
[2025-11-13 13:16:11] [32minfo[39m: 🚀 [SERVER] is running on port http://localhost:3000
[2025-11-13 13:16:32] [32minfo[39m: Database Connected Successfully
[2025-11-13 13:16:32] [32minfo[39m: 🚀 [SERVER] is running on port http://localhost:3000
[2025-11-13 13:21:23] [32minfo[39m: Database Connected Successfully
[2025-11-13 13:21:23] [32minfo[39m: 🚀 [SERVER] is running on port http://localhost:3000
[2025-11-13 13:23:11] [32minfo[39m: Database Connected Successfully
[2025-11-13 13:23:11] [32minfo[39m: 🚀 [SERVER] is running on port http://localhost:3000
[2025-11-13 13:23:51] [32minfo[39m: Database Connected Successfully
[2025-11-13 13:23:51] [32minfo[39m: 🚀 [SERVER] is running on port http://localhost:3000
[2025-11-13 13:24:34] [32minfo[39m: Database Connected Successfully
[2025-11-13 13:24:34] [32minfo[39m: 🚀 [SERVER] is running on port http://localhost:3000
[2025-11-13 13:27:06] [32minfo[39m: Database Connected Successfully
[2025-11-13 13:27:06] [32minfo[39m: 🚀 [SERVER] is running on port http://localhost:3000
[2025-11-13 13:27:15] [32minfo[39m: Database Connected Successfully
[2025-11-13 13:27:15] [32minfo[39m: 🚀 [SERVER] is running on port http://localhost:3000
[2025-11-13 13:27:24] [32minfo[39m: Database Connected Successfully
[2025-11-13 13:27:24] [32minfo[39m: 🚀 [SERVER] is running on port http://localhost:3000
[2025-11-13 13:28:21] [32minfo[39m: Database Connected Successfully
[2025-11-13 13:28:21] [32minfo[39m: 🚀 [SERVER] is running on port http://localhost:3000
[2025-11-13 13:32:04] [32minfo[39m: Database Connected Successfully
[2025-11-13 13:32:04] [32minfo[39m: 🚀 [SERVER] is running on port http://localhost:3000
[2025-11-13 13:33:09] [32minfo[39m: Database Connected Successfully
[2025-11-13 13:33:09] [32minfo[39m: 🚀 [SERVER] is running on port http://localhost:3000
[2025-11-13 13:33:25] [32minfo[39m: Database Connected Successfully
[2025-11-13 13:33:25] [32minfo[39m: 🚀 [SERVER] is running on port http://localhost:3000
[2025-11-13 13:34:22] [32minfo[39m: Database Connected Successfully
[2025-11-13 13:34:22] [32minfo[39m: 🚀 [SERVER] is running on port http://localhost:3000
[2025-11-13 13:34:27] [32minfo[39m: Database Connected Successfully
[2025-11-13 13:34:27] [32minfo[39m: 🚀 [SERVER] is running on port http://localhost:3000
[2025-11-13 13:35:39] [31merror[39m: [ERROR] POST /api/forget-password - secretOrPrivateKey must have a value
[2025-11-13 13:35:39] [31merror[39m: Server error! - secretOrPrivateKey must have a value, Stack: Error: secretOrPrivateKey must have a value
    at module.exports [as sign] (C:\Users\MyBook Hype AMD\Documents\project\sukaaksesnet\node_modules\jsonwebtoken\sign.js:111:20)
    at resetAccountMiddleware (file:///C:/Users/MyBook%20Hype%20AMD/Documents/project/sukaaksesnet/server/middleware/auth.middleware.js:29:14)
    at file:///C:/Users/MyBook%20Hype%20AMD/Documents/project/sukaaksesnet/server/app/controllers/auth.controller.js:49:28
    at file:///C:/Users/MyBook%20Hype%20AMD/Documents/project/sukaaksesnet/server/middleware/asyncHandler.middleware.js:2:19
    at Layer.handle [as handle_request] (C:\Users\MyBook Hype AMD\Documents\project\sukaaksesnet\node_modules\express\lib\router\layer.js:95:5)
    at next (C:\Users\MyBook Hype AMD\Documents\project\sukaaksesnet\node_modules\express\lib\router\route.js:149:13)
    at Route.dispatch (C:\Users\MyBook Hype AMD\Documents\project\sukaaksesnet\node_modules\express\lib\router\route.js:119:3)
    at Layer.handle [as handle_request] (C:\Users\MyBook Hype AMD\Documents\project\sukaaksesnet\node_modules\express\lib\router\layer.js:95:5)
    at C:\Users\MyBook Hype AMD\Documents\project\sukaaksesnet\node_modules\express\lib\router\index.js:284:15
    at Function.process_params (C:\Users\MyBook Hype AMD\Documents\project\sukaaksesnet\node_modules\express\lib\router\index.js:346:12)
[2025-11-13 13:38:05] [31merror[39m: [ERROR] POST /api/forget-password - secretOrPrivateKey must have a value
[2025-11-13 13:38:05] [31merror[39m: Server error! - secretOrPrivateKey must have a value, Stack: Error: secretOrPrivateKey must have a value
    at module.exports [as sign] (C:\Users\MyBook Hype AMD\Documents\project\sukaaksesnet\node_modules\jsonwebtoken\sign.js:111:20)
    at resetAccountMiddleware (file:///C:/Users/MyBook%20Hype%20AMD/Documents/project/sukaaksesnet/server/middleware/auth.middleware.js:29:14)
    at file:///C:/Users/MyBook%20Hype%20AMD/Documents/project/sukaaksesnet/server/app/controllers/auth.controller.js:49:28
    at file:///C:/Users/MyBook%20Hype%20AMD/Documents/project/sukaaksesnet/server/middleware/asyncHandler.middleware.js:2:19
    at Layer.handle [as handle_request] (C:\Users\MyBook Hype AMD\Documents\project\sukaaksesnet\node_modules\express\lib\router\layer.js:95:5)
    at next (C:\Users\MyBook Hype AMD\Documents\project\sukaaksesnet\node_modules\express\lib\router\route.js:149:13)
    at Route.dispatch (C:\Users\MyBook Hype AMD\Documents\project\sukaaksesnet\node_modules\express\lib\router\route.js:119:3)
    at Layer.handle [as handle_request] (C:\Users\MyBook Hype AMD\Documents\project\sukaaksesnet\node_modules\express\lib\router\layer.js:95:5)
    at C:\Users\MyBook Hype AMD\Documents\project\sukaaksesnet\node_modules\express\lib\router\index.js:284:15
    at Function.process_params (C:\Users\MyBook Hype AMD\Documents\project\sukaaksesnet\node_modules\express\lib\router\index.js:346:12)
[2025-11-13 13:38:07] [31merror[39m: [ERROR] POST /api/forget-password - secretOrPrivateKey must have a value
[2025-11-13 13:38:07] [31merror[39m: Server error! - secretOrPrivateKey must have a value, Stack: Error: secretOrPrivateKey must have a value
    at module.exports [as sign] (C:\Users\MyBook Hype AMD\Documents\project\sukaaksesnet\node_modules\jsonwebtoken\sign.js:111:20)
    at resetAccountMiddleware (file:///C:/Users/MyBook%20Hype%20AMD/Documents/project/sukaaksesnet/server/middleware/auth.middleware.js:29:14)
    at file:///C:/Users/MyBook%20Hype%20AMD/Documents/project/sukaaksesnet/server/app/controllers/auth.controller.js:49:28
    at file:///C:/Users/MyBook%20Hype%20AMD/Documents/project/sukaaksesnet/server/middleware/asyncHandler.middleware.js:2:19
    at Layer.handle [as handle_request] (C:\Users\MyBook Hype AMD\Documents\project\sukaaksesnet\node_modules\express\lib\router\layer.js:95:5)
    at next (C:\Users\MyBook Hype AMD\Documents\project\sukaaksesnet\node_modules\express\lib\router\route.js:149:13)
    at Route.dispatch (C:\Users\MyBook Hype AMD\Documents\project\sukaaksesnet\node_modules\express\lib\router\route.js:119:3)
    at Layer.handle [as handle_request] (C:\Users\MyBook Hype AMD\Documents\project\sukaaksesnet\node_modules\express\lib\router\layer.js:95:5)
    at C:\Users\MyBook Hype AMD\Documents\project\sukaaksesnet\node_modules\express\lib\router\index.js:284:15
    at Function.process_params (C:\Users\MyBook Hype AMD\Documents\project\sukaaksesnet\node_modules\express\lib\router\index.js:346:12)
[2025-11-13 13:38:07] [31merror[39m: [ERROR] POST /api/forget-password - secretOrPrivateKey must have a value
[2025-11-13 13:38:07] [31merror[39m: Server error! - secretOrPrivateKey must have a value, Stack: Error: secretOrPrivateKey must have a value
    at module.exports [as sign] (C:\Users\MyBook Hype AMD\Documents\project\sukaaksesnet\node_modules\jsonwebtoken\sign.js:111:20)
    at resetAccountMiddleware (file:///C:/Users/MyBook%20Hype%20AMD/Documents/project/sukaaksesnet/server/middleware/auth.middleware.js:29:14)
    at file:///C:/Users/MyBook%20Hype%20AMD/Documents/project/sukaaksesnet/server/app/controllers/auth.controller.js:49:28
    at file:///C:/Users/MyBook%20Hype%20AMD/Documents/project/sukaaksesnet/server/middleware/asyncHandler.middleware.js:2:19
    at Layer.handle [as handle_request] (C:\Users\MyBook Hype AMD\Documents\project\sukaaksesnet\node_modules\express\lib\router\layer.js:95:5)
    at next (C:\Users\MyBook Hype AMD\Documents\project\sukaaksesnet\node_modules\express\lib\router\route.js:149:13)
    at Route.dispatch (C:\Users\MyBook Hype AMD\Documents\project\sukaaksesnet\node_modules\express\lib\router\route.js:119:3)
    at Layer.handle [as handle_request] (C:\Users\MyBook Hype AMD\Documents\project\sukaaksesnet\node_modules\express\lib\router\layer.js:95:5)
    at C:\Users\MyBook Hype AMD\Documents\project\sukaaksesnet\node_modules\express\lib\router\index.js:284:15
    at Function.process_params (C:\Users\MyBook Hype AMD\Documents\project\sukaaksesnet\node_modules\express\lib\router\index.js:346:12)
[2025-11-13 13:46:54] [31merror[39m: [ERROR] POST /api/forget-password - secretOrPrivateKey must have a value
[2025-11-13 13:46:54] [31merror[39m: Server error! - secretOrPrivateKey must have a value, Stack: Error: secretOrPrivateKey must have a value
    at module.exports [as sign] (C:\Users\MyBook Hype AMD\Documents\project\sukaaksesnet\node_modules\jsonwebtoken\sign.js:111:20)
    at resetAccountMiddleware (file:///C:/Users/MyBook%20Hype%20AMD/Documents/project/sukaaksesnet/server/middleware/auth.middleware.js:29:14)
    at file:///C:/Users/MyBook%20Hype%20AMD/Documents/project/sukaaksesnet/server/app/controllers/auth.controller.js:49:28
    at file:///C:/Users/MyBook%20Hype%20AMD/Documents/project/sukaaksesnet/server/middleware/asyncHandler.middleware.js:2:19
    at Layer.handle [as handle_request] (C:\Users\MyBook Hype AMD\Documents\project\sukaaksesnet\node_modules\express\lib\router\layer.js:95:5)
    at next (C:\Users\MyBook Hype AMD\Documents\project\sukaaksesnet\node_modules\express\lib\router\route.js:149:13)
    at Route.dispatch (C:\Users\MyBook Hype AMD\Documents\project\sukaaksesnet\node_modules\express\lib\router\route.js:119:3)
    at Layer.handle [as handle_request] (C:\Users\MyBook Hype AMD\Documents\project\sukaaksesnet\node_modules\express\lib\router\layer.js:95:5)
    at C:\Users\MyBook Hype AMD\Documents\project\sukaaksesnet\node_modules\express\lib\router\index.js:284:15
    at Function.process_params (C:\Users\MyBook Hype AMD\Documents\project\sukaaksesnet\node_modules\express\lib\router\index.js:346:12)
[2025-11-13 13:47:28] [32minfo[39m: Database Connected Successfully
[2025-11-13 13:47:28] [32minfo[39m: 🚀 [SERVER] is running on port http://localhost:3000
[2025-11-13 13:47:30] [31merror[39m: [ERROR] POST /api/forget-password - Invalid login: 535-5.7.8 Username and Password not accepted. For more information, go to
535 5.7.8  https://support.google.com/mail/?p=BadCredentials d9443c01a7336-2985c244e13sm13158365ad.29 - gsmtp
[2025-11-13 13:47:30] [31merror[39m: Server error! - Invalid login: 535-5.7.8 Username and Password not accepted. For more information, go to
535 5.7.8  https://support.google.com/mail/?p=BadCredentials d9443c01a7336-2985c244e13sm13158365ad.29 - gsmtp, Stack: Error: Invalid login: 535-5.7.8 Username and Password not accepted. For more information, go to
535 5.7.8  https://support.google.com/mail/?p=BadCredentials d9443c01a7336-2985c244e13sm13158365ad.29 - gsmtp
    at SMTPConnection._formatError (C:\Users\MyBook Hype AMD\Documents\project\sukaaksesnet\node_modules\nodemailer\lib\smtp-connection\index.js:809:19)
    at SMTPConnection._actionAUTHComplete (C:\Users\MyBook Hype AMD\Documents\project\sukaaksesnet\node_modules\nodemailer\lib\smtp-connection\index.js:1595:34)
    at SMTPConnection.<anonymous> (C:\Users\MyBook Hype AMD\Documents\project\sukaaksesnet\node_modules\nodemailer\lib\smtp-connection\index.js:556:26)
    at SMTPConnection._processResponse (C:\Users\MyBook Hype AMD\Documents\project\sukaaksesnet\node_modules\nodemailer\lib\smtp-connection\index.js:993:20)
    at SMTPConnection._onData (C:\Users\MyBook Hype AMD\Documents\project\sukaaksesnet\node_modules\nodemailer\lib\smtp-connection\index.js:774:14)
    at SMTPConnection._onSocketData (C:\Users\MyBook Hype AMD\Documents\project\sukaaksesnet\node_modules\nodemailer\lib\smtp-connection\index.js:195:44)
    at TLSSocket.emit (node:events:518:28)
    at addChunk (node:internal/streams/readable:561:12)
    at readableAddChunkPushByteMode (node:internal/streams/readable:512:3)
    at Readable.push (node:internal/streams/readable:392:5)
[2025-11-13 13:47:58] [32minfo[39m: Database Connected Successfully
[2025-11-13 13:47:58] [32minfo[39m: 🚀 [SERVER] is running on port http://localhost:3000
[2025-11-13 13:48:02] [31merror[39m: [ERROR] POST /api/forget-password - Invalid login: 535-5.7.8 Username and Password not accepted. For more information, go to
535 5.7.8  https://support.google.com/mail/?p=BadCredentials d2e1a72fcca58-7b924aea005sm1133346b3a.3 - gsmtp
[2025-11-13 13:48:02] [31merror[39m: Server error! - Invalid login: 535-5.7.8 Username and Password not accepted. For more information, go to
535 5.7.8  https://support.google.com/mail/?p=BadCredentials d2e1a72fcca58-7b924aea005sm1133346b3a.3 - gsmtp, Stack: Error: Invalid login: 535-5.7.8 Username and Password not accepted. For more information, go to
535 5.7.8  https://support.google.com/mail/?p=BadCredentials d2e1a72fcca58-7b924aea005sm1133346b3a.3 - gsmtp
    at SMTPConnection._formatError (C:\Users\MyBook Hype AMD\Documents\project\sukaaksesnet\node_modules\nodemailer\lib\smtp-connection\index.js:809:19)
    at SMTPConnection._actionAUTHComplete (C:\Users\MyBook Hype AMD\Documents\project\sukaaksesnet\node_modules\nodemailer\lib\smtp-connection\index.js:1595:34)
    at SMTPConnection.<anonymous> (C:\Users\MyBook Hype AMD\Documents\project\sukaaksesnet\node_modules\nodemailer\lib\smtp-connection\index.js:556:26)
    at SMTPConnection._processResponse (C:\Users\MyBook Hype AMD\Documents\project\sukaaksesnet\node_modules\nodemailer\lib\smtp-connection\index.js:993:20)
    at SMTPConnection._onData (C:\Users\MyBook Hype AMD\Documents\project\sukaaksesnet\node_modules\nodemailer\lib\smtp-connection\index.js:774:14)
    at SMTPConnection._onSocketData (C:\Users\MyBook Hype AMD\Documents\project\sukaaksesnet\node_modules\nodemailer\lib\smtp-connection\index.js:195:44)
    at TLSSocket.emit (node:events:518:28)
    at addChunk (node:internal/streams/readable:561:12)
    at readableAddChunkPushByteMode (node:internal/streams/readable:512:3)
    at Readable.push (node:internal/streams/readable:392:5)
[2025-11-13 13:54:38] [31merror[39m: [ERROR] POST /api/forget-password - Invalid login: 535-5.7.8 Username and Password not accepted. For more information, go to
535 5.7.8  https://support.google.com/mail/?p=BadCredentials d2e1a72fcca58-7b927c230aesm1136129b3a.68 - gsmtp
[2025-11-13 13:54:38] [31merror[39m: Server error! - Invalid login: 535-5.7.8 Username and Password not accepted. For more information, go to
535 5.7.8  https://support.google.com/mail/?p=BadCredentials d2e1a72fcca58-7b927c230aesm1136129b3a.68 - gsmtp, Stack: Error: Invalid login: 535-5.7.8 Username and Password not accepted. For more information, go to
535 5.7.8  https://support.google.com/mail/?p=BadCredentials d2e1a72fcca58-7b927c230aesm1136129b3a.68 - gsmtp
    at SMTPConnection._formatError (C:\Users\MyBook Hype AMD\Documents\project\sukaaksesnet\node_modules\nodemailer\lib\smtp-connection\index.js:809:19)
    at SMTPConnection._actionAUTHComplete (C:\Users\MyBook Hype AMD\Documents\project\sukaaksesnet\node_modules\nodemailer\lib\smtp-connection\index.js:1595:34)
    at SMTPConnection.<anonymous> (C:\Users\MyBook Hype AMD\Documents\project\sukaaksesnet\node_modules\nodemailer\lib\smtp-connection\index.js:556:26)
    at SMTPConnection._processResponse (C:\Users\MyBook Hype AMD\Documents\project\sukaaksesnet\node_modules\nodemailer\lib\smtp-connection\index.js:993:20)
    at SMTPConnection._onData (C:\Users\MyBook Hype AMD\Documents\project\sukaaksesnet\node_modules\nodemailer\lib\smtp-connection\index.js:774:14)
    at SMTPConnection._onSocketData (C:\Users\MyBook Hype AMD\Documents\project\sukaaksesnet\node_modules\nodemailer\lib\smtp-connection\index.js:195:44)
    at TLSSocket.emit (node:events:518:28)
    at addChunk (node:internal/streams/readable:561:12)
    at readableAddChunkPushByteMode (node:internal/streams/readable:512:3)
    at Readable.push (node:internal/streams/readable:392:5)
[2025-11-13 13:56:02] [31merror[39m: [ERROR] POST /api/forget-password - Invalid login: 535-5.7.8 Username and Password not accepted. For more information, go to
535 5.7.8  https://support.google.com/mail/?p=BadCredentials d2e1a72fcca58-7b924aea0f8sm1173125b3a.5 - gsmtp
[2025-11-13 13:56:02] [31merror[39m: Server error! - Invalid login: 535-5.7.8 Username and Password not accepted. For more information, go to
535 5.7.8  https://support.google.com/mail/?p=BadCredentials d2e1a72fcca58-7b924aea0f8sm1173125b3a.5 - gsmtp, Stack: Error: Invalid login: 535-5.7.8 Username and Password not accepted. For more information, go to
535 5.7.8  https://support.google.com/mail/?p=BadCredentials d2e1a72fcca58-7b924aea0f8sm1173125b3a.5 - gsmtp
    at SMTPConnection._formatError (C:\Users\MyBook Hype AMD\Documents\project\sukaaksesnet\node_modules\nodemailer\lib\smtp-connection\index.js:809:19)
    at SMTPConnection._actionAUTHComplete (C:\Users\MyBook Hype AMD\Documents\project\sukaaksesnet\node_modules\nodemailer\lib\smtp-connection\index.js:1595:34)
    at SMTPConnection.<anonymous> (C:\Users\MyBook Hype AMD\Documents\project\sukaaksesnet\node_modules\nodemailer\lib\smtp-connection\index.js:556:26)
    at SMTPConnection._processResponse (C:\Users\MyBook Hype AMD\Documents\project\sukaaksesnet\node_modules\nodemailer\lib\smtp-connection\index.js:993:20)
    at SMTPConnection._onData (C:\Users\MyBook Hype AMD\Documents\project\sukaaksesnet\node_modules\nodemailer\lib\smtp-connection\index.js:774:14)
    at SMTPConnection._onSocketData (C:\Users\MyBook Hype AMD\Documents\project\sukaaksesnet\node_modules\nodemailer\lib\smtp-connection\index.js:195:44)
    at TLSSocket.emit (node:events:518:28)
    at addChunk (node:internal/streams/readable:561:12)
    at readableAddChunkPushByteMode (node:internal/streams/readable:512:3)
    at Readable.push (node:internal/streams/readable:392:5)
[2025-11-13 13:56:07] [31merror[39m: [ERROR] POST /api/forget-password - Invalid login: 535-5.7.8 Username and Password not accepted. For more information, go to
535 5.7.8  https://support.google.com/mail/?p=BadCredentials d9443c01a7336-2985c242003sm13505785ad.24 - gsmtp
[2025-11-13 13:56:07] [31merror[39m: Server error! - Invalid login: 535-5.7.8 Username and Password not accepted. For more information, go to
535 5.7.8  https://support.google.com/mail/?p=BadCredentials d9443c01a7336-2985c242003sm13505785ad.24 - gsmtp, Stack: Error: Invalid login: 535-5.7.8 Username and Password not accepted. For more information, go to
535 5.7.8  https://support.google.com/mail/?p=BadCredentials d9443c01a7336-2985c242003sm13505785ad.24 - gsmtp
    at SMTPConnection._formatError (C:\Users\MyBook Hype AMD\Documents\project\sukaaksesnet\node_modules\nodemailer\lib\smtp-connection\index.js:809:19)
    at SMTPConnection._actionAUTHComplete (C:\Users\MyBook Hype AMD\Documents\project\sukaaksesnet\node_modules\nodemailer\lib\smtp-connection\index.js:1595:34)
    at SMTPConnection.<anonymous> (C:\Users\MyBook Hype AMD\Documents\project\sukaaksesnet\node_modules\nodemailer\lib\smtp-connection\index.js:556:26)
    at SMTPConnection._processResponse (C:\Users\MyBook Hype AMD\Documents\project\sukaaksesnet\node_modules\nodemailer\lib\smtp-connection\index.js:993:20)
    at SMTPConnection._onData (C:\Users\MyBook Hype AMD\Documents\project\sukaaksesnet\node_modules\nodemailer\lib\smtp-connection\index.js:774:14)
    at SMTPConnection._onSocketData (C:\Users\MyBook Hype AMD\Documents\project\sukaaksesnet\node_modules\nodemailer\lib\smtp-connection\index.js:195:44)
    at TLSSocket.emit (node:events:518:28)
    at addChunk (node:internal/streams/readable:561:12)
    at readableAddChunkPushByteMode (node:internal/streams/readable:512:3)
    at Readable.push (node:internal/streams/readable:392:5)
[2025-11-13 13:56:58] [31merror[39m: [ERROR] POST /api/forget-password - Invalid login: 535-5.7.8 Username and Password not accepted. For more information, go to
535 5.7.8  https://support.google.com/mail/?p=BadCredentials 98e67ed59e1d1-343ed4c9440sm1308485a91.7 - gsmtp
[2025-11-13 13:56:59] [31merror[39m: Server error! - Invalid login: 535-5.7.8 Username and Password not accepted. For more information, go to
535 5.7.8  https://support.google.com/mail/?p=BadCredentials 98e67ed59e1d1-343ed4c9440sm1308485a91.7 - gsmtp, Stack: Error: Invalid login: 535-5.7.8 Username and Password not accepted. For more information, go to
535 5.7.8  https://support.google.com/mail/?p=BadCredentials 98e67ed59e1d1-343ed4c9440sm1308485a91.7 - gsmtp
    at SMTPConnection._formatError (C:\Users\MyBook Hype AMD\Documents\project\sukaaksesnet\node_modules\nodemailer\lib\smtp-connection\index.js:809:19)
    at SMTPConnection._actionAUTHComplete (C:\Users\MyBook Hype AMD\Documents\project\sukaaksesnet\node_modules\nodemailer\lib\smtp-connection\index.js:1595:34)
    at SMTPConnection.<anonymous> (C:\Users\MyBook Hype AMD\Documents\project\sukaaksesnet\node_modules\nodemailer\lib\smtp-connection\index.js:556:26)
    at SMTPConnection._processResponse (C:\Users\MyBook Hype AMD\Documents\project\sukaaksesnet\node_modules\nodemailer\lib\smtp-connection\index.js:993:20)
    at SMTPConnection._onData (C:\Users\MyBook Hype AMD\Documents\project\sukaaksesnet\node_modules\nodemailer\lib\smtp-connection\index.js:774:14)
    at SMTPConnection._onSocketData (C:\Users\MyBook Hype AMD\Documents\project\sukaaksesnet\node_modules\nodemailer\lib\smtp-connection\index.js:195:44)
    at TLSSocket.emit (node:events:518:28)
    at addChunk (node:internal/streams/readable:561:12)
    at readableAddChunkPushByteMode (node:internal/streams/readable:512:3)
    at Readable.push (node:internal/streams/readable:392:5)
[2025-11-13 13:57:31] [31merror[39m: [ERROR] POST /api/forget-password - Invalid login: 535-5.7.8 Username and Password not accepted. For more information, go to
535 5.7.8  https://support.google.com/mail/?p=BadCredentials d2e1a72fcca58-7b9250cda04sm1150259b3a.19 - gsmtp
[2025-11-13 13:57:31] [31merror[39m: Server error! - Invalid login: 535-5.7.8 Username and Password not accepted. For more information, go to
535 5.7.8  https://support.google.com/mail/?p=BadCredentials d2e1a72fcca58-7b9250cda04sm1150259b3a.19 - gsmtp, Stack: Error: Invalid login: 535-5.7.8 Username and Password not accepted. For more information, go to
535 5.7.8  https://support.google.com/mail/?p=BadCredentials d2e1a72fcca58-7b9250cda04sm1150259b3a.19 - gsmtp
    at SMTPConnection._formatError (C:\Users\MyBook Hype AMD\Documents\project\sukaaksesnet\node_modules\nodemailer\lib\smtp-connection\index.js:809:19)
    at SMTPConnection._actionAUTHComplete (C:\Users\MyBook Hype AMD\Documents\project\sukaaksesnet\node_modules\nodemailer\lib\smtp-connection\index.js:1595:34)
    at SMTPConnection.<anonymous> (C:\Users\MyBook Hype AMD\Documents\project\sukaaksesnet\node_modules\nodemailer\lib\smtp-connection\index.js:556:26)
    at SMTPConnection._processResponse (C:\Users\MyBook Hype AMD\Documents\project\sukaaksesnet\node_modules\nodemailer\lib\smtp-connection\index.js:993:20)
    at SMTPConnection._onData (C:\Users\MyBook Hype AMD\Documents\project\sukaaksesnet\node_modules\nodemailer\lib\smtp-connection\index.js:774:14)
    at SMTPConnection._onSocketData (C:\Users\MyBook Hype AMD\Documents\project\sukaaksesnet\node_modules\nodemailer\lib\smtp-connection\index.js:195:44)
    at TLSSocket.emit (node:events:518:28)
    at addChunk (node:internal/streams/readable:561:12)
    at readableAddChunkPushByteMode (node:internal/streams/readable:512:3)
    at Readable.push (node:internal/streams/readable:392:5)
[2025-11-13 14:00:15] [32minfo[39m: Database Connected Successfully
[2025-11-13 14:00:15] [32minfo[39m: 🚀 [SERVER] is running on port http://localhost:3000
[2025-11-13 14:00:19] [31merror[39m: [ERROR] POST /api/forget-password - Cannot read properties of undefined (reading 'status')
[2025-11-13 14:00:19] [31merror[39m: Server error! - Cannot read properties of undefined (reading 'status'), Stack: TypeError: Cannot read properties of undefined (reading 'status')
    at ResponseHandler.successReset (file:///C:/Users/MyBook%20Hype%20AMD/Documents/project/sukaaksesnet/server/utils/response.js:37:14)
    at sendEmail (file:///C:/Users/MyBook%20Hype%20AMD/Documents/project/sukaaksesnet/server/utils/nodemailer.js:25:27)
    at process.processTicksAndRejections (node:internal/process/task_queues:105:5)
[2025-11-13 14:01:59] [32minfo[39m: Database Connected Successfully
[2025-11-13 14:01:59] [32minfo[39m: 🚀 [SERVER] is running on port http://localhost:3000
[2025-11-13 14:04:50] [32minfo[39m: Database Connected Successfully
[2025-11-13 14:04:50] [32minfo[39m: 🚀 [SERVER] is running on port http://localhost:3000
[2025-11-13 14:05:15] [31merror[39m: [ERROR] POST /api/forget-password - res is not defined
[2025-11-13 14:05:15] [31merror[39m: Server error! - res is not defined, Stack: ReferenceError: res is not defined
    at sendEmail (file:///C:/Users/MyBook%20Hype%20AMD/Documents/project/sukaaksesnet/server/utils/nodemailer.js:23:25)
    at process.processTicksAndRejections (node:internal/process/task_queues:105:5)
[2025-11-13 14:05:17] [31merror[39m: [ERROR] POST /api/forget-password - res is not defined
[2025-11-13 14:05:17] [31merror[39m: Server error! - res is not defined, Stack: ReferenceError: res is not defined
    at sendEmail (file:///C:/Users/MyBook%20Hype%20AMD/Documents/project/sukaaksesnet/server/utils/nodemailer.js:23:25)
    at process.processTicksAndRejections (node:internal/process/task_queues:105:5)
[2025-11-13 14:06:18] [32minfo[39m: Database Connected Successfully
[2025-11-13 14:06:18] [32minfo[39m: 🚀 [SERVER] is running on port http://localhost:3000
[2025-11-13 14:06:47] [32minfo[39m: Database Connected Successfully
[2025-11-13 14:06:47] [32minfo[39m: 🚀 [SERVER] is running on port http://localhost:3000
[2025-11-13 14:07:13] [32minfo[39m: Database Connected Successfully
[2025-11-13 14:07:13] [32minfo[39m: 🚀 [SERVER] is running on port http://localhost:3000
[2025-11-13 14:07:39] [32minfo[39m: Database Connected Successfully
[2025-11-13 14:07:39] [32minfo[39m: 🚀 [SERVER] is running on port http://localhost:3000
[2025-11-13 14:10:48] [32minfo[39m: Database Connected Successfully
[2025-11-13 14:10:48] [32minfo[39m: 🚀 [SERVER] is running on port http://localhost:3000
[2025-11-13 14:10:52] [32minfo[39m: Database Connected Successfully
[2025-11-13 14:10:52] [32minfo[39m: 🚀 [SERVER] is running on port http://localhost:3000
[2025-11-13 14:10:54] [32minfo[39m: Database Connected Successfully
[2025-11-13 14:10:54] [32minfo[39m: 🚀 [SERVER] is running on port http://localhost:3000
[2025-11-13 14:11:19] [32minfo[39m: Database Connected Successfully
[2025-11-13 14:11:19] [32minfo[39m: 🚀 [SERVER] is running on port http://localhost:3000
[2025-11-13 14:18:46] [32minfo[39m: Database Connected Successfully
[2025-11-13 14:18:46] [32minfo[39m: 🚀 [SERVER] is running on port http://localhost:3000
[2025-11-13 14:21:50] [32minfo[39m: Database Connected Successfully
[2025-11-13 14:21:50] [32minfo[39m: 🚀 [SERVER] is running on port http://localhost:3000
[2025-11-13 14:24:55] [32minfo[39m: Database Connected Successfully
[2025-11-13 14:24:55] [32minfo[39m: 🚀 [SERVER] is running on port http://localhost:3000
[2025-11-13 14:29:34] [32minfo[39m: Database Connected Successfully
[2025-11-13 14:29:34] [32minfo[39m: 🚀 [SERVER] is running on port http://localhost:3000
[2025-11-13 14:30:03] [32minfo[39m: Database Connected Successfully
[2025-11-13 14:30:03] [32minfo[39m: 🚀 [SERVER] is running on port http://localhost:3000
[2025-11-13 14:30:43] [31merror[39m: [ERROR] POST /api/logout - Cannot read properties of undefined (reading 'refreshToken')
[2025-11-13 14:30:43] [31merror[39m: Server error! - Cannot read properties of undefined (reading 'refreshToken'), Stack: TypeError: Cannot read properties of undefined (reading 'refreshToken')
    at deleteCookie (file:///C:/Users/MyBook%20Hype%20AMD/Documents/project/sukaaksesnet/server/middleware/auth.middleware.js:33:39)
    at file:///C:/Users/MyBook%20Hype%20AMD/Documents/project/sukaaksesnet/server/app/controllers/auth.controller.js:40:9
    at file:///C:/Users/MyBook%20Hype%20AMD/Documents/project/sukaaksesnet/server/middleware/asyncHandler.middleware.js:2:19
    at Layer.handle [as handle_request] (C:\Users\MyBook Hype AMD\Documents\project\sukaaksesnet\node_modules\express\lib\router\layer.js:95:5)
    at next (C:\Users\MyBook Hype AMD\Documents\project\sukaaksesnet\node_modules\express\lib\router\route.js:149:13)
    at Route.dispatch (C:\Users\MyBook Hype AMD\Documents\project\sukaaksesnet\node_modules\express\lib\router\route.js:119:3)
    at Layer.handle [as handle_request] (C:\Users\MyBook Hype AMD\Documents\project\sukaaksesnet\node_modules\express\lib\router\layer.js:95:5)
    at C:\Users\MyBook Hype AMD\Documents\project\sukaaksesnet\node_modules\express\lib\router\index.js:284:15
    at Function.process_params (C:\Users\MyBook Hype AMD\Documents\project\sukaaksesnet\node_modules\express\lib\router\index.js:346:12)
    at next (C:\Users\MyBook Hype AMD\Documents\project\sukaaksesnet\node_modules\express\lib\router\index.js:280:10)
[2025-11-13 14:32:45] [32minfo[39m: Database Connected Successfully
[2025-11-13 14:32:45] [32minfo[39m: 🚀 [SERVER] is running on port http://localhost:3000
[2025-11-13 14:33:38] [32minfo[39m: Database Connected Successfully
[2025-11-13 14:33:38] [32minfo[39m: 🚀 [SERVER] is running on port http://localhost:3000
[2025-11-13 14:36:26] [31merror[39m: [ERROR] POST /api/logout - Cannot read properties of undefined (reading 'refreshToken')
[2025-11-13 14:36:26] [31merror[39m: Server error! - Cannot read properties of undefined (reading 'refreshToken'), Stack: TypeError: Cannot read properties of undefined (reading 'refreshToken')
    at deleteCookie (file:///C:/Users/MyBook%20Hype%20AMD/Documents/project/sukaaksesnet/server/middleware/auth.middleware.js:33:39)
    at file:///C:/Users/MyBook%20Hype%20AMD/Documents/project/sukaaksesnet/server/app/controllers/auth.controller.js:40:9
    at file:///C:/Users/MyBook%20Hype%20AMD/Documents/project/sukaaksesnet/server/middleware/asyncHandler.middleware.js:2:19
    at Layer.handle [as handle_request] (C:\Users\MyBook Hype AMD\Documents\project\sukaaksesnet\node_modules\express\lib\router\layer.js:95:5)
    at next (C:\Users\MyBook Hype AMD\Documents\project\sukaaksesnet\node_modules\express\lib\router\route.js:149:13)
    at Route.dispatch (C:\Users\MyBook Hype AMD\Documents\project\sukaaksesnet\node_modules\express\lib\router\route.js:119:3)
    at Layer.handle [as handle_request] (C:\Users\MyBook Hype AMD\Documents\project\sukaaksesnet\node_modules\express\lib\router\layer.js:95:5)
    at C:\Users\MyBook Hype AMD\Documents\project\sukaaksesnet\node_modules\express\lib\router\index.js:284:15
    at Function.process_params (C:\Users\MyBook Hype AMD\Documents\project\sukaaksesnet\node_modules\express\lib\router\index.js:346:12)
    at next (C:\Users\MyBook Hype AMD\Documents\project\sukaaksesnet\node_modules\express\lib\router\index.js:280:10)
[2025-11-13 14:38:22] [32minfo[39m: Database Connected Successfully
[2025-11-13 14:38:22] [32minfo[39m: 🚀 [SERVER] is running on port http://localhost:3000
[2025-11-13 14:38:44] [32minfo[39m: Database Connected Successfully
[2025-11-13 14:38:44] [32minfo[39m: 🚀 [SERVER] is running on port http://localhost:3000
[2025-11-13 14:39:06] [32minfo[39m: Database Connected Successfully
[2025-11-13 14:39:06] [32minfo[39m: 🚀 [SERVER] is running on port http://localhost:3000
[2025-11-13 14:43:09] [32minfo[39m: Database Connected Successfully
[2025-11-13 14:43:09] [32minfo[39m: 🚀 [SERVER] is running on port http://localhost:3000
[2025-11-13 14:43:22] [32minfo[39m: Database Connected Successfully
[2025-11-13 14:43:22] [32minfo[39m: 🚀 [SERVER] is running on port http://localhost:3000
[2025-11-13 14:45:07] [32minfo[39m: Database Connected Successfully
[2025-11-13 14:45:07] [32minfo[39m: 🚀 [SERVER] is running on port http://localhost:3000
[2025-11-13 14:46:49] [32minfo[39m: Database Connected Successfully
[2025-11-13 14:46:49] [32minfo[39m: 🚀 [SERVER] is running on port http://localhost:3000
[2025-11-13 14:46:59] [32minfo[39m: Database Connected Successfully
[2025-11-13 14:46:59] [32minfo[39m: 🚀 [SERVER] is running on port http://localhost:3000
[2025-11-13 14:48:46] [32minfo[39m: Database Connected Successfully
[2025-11-13 14:48:46] [32minfo[39m: 🚀 [SERVER] is running on port http://localhost:3000
[2025-11-13 14:49:14] [32minfo[39m: Database Connected Successfully
[2025-11-13 14:49:14] [32minfo[39m: 🚀 [SERVER] is running on port http://localhost:3000
[2025-11-13 14:50:35] [32minfo[39m: Database Connected Successfully
[2025-11-13 14:50:35] [32minfo[39m: 🚀 [SERVER] is running on port http://localhost:3000
[2025-11-13 14:51:20] [31merror[39m: [ERROR] POST /api/login - ENV is not defined
[2025-11-13 14:51:20] [31merror[39m: Server error! - ENV is not defined, Stack: ReferenceError: ENV is not defined
    at jwtSign (file:///C:/Users/MyBook%20Hype%20AMD/Documents/project/sukaaksesnet/server/utils/auth.js:1:46)
    at file:///C:/Users/MyBook%20Hype%20AMD/Documents/project/sukaaksesnet/server/app/controllers/auth.controller.js:24:19
[2025-11-13 14:52:26] [32minfo[39m: Database Connected Successfully
[2025-11-13 14:52:26] [32minfo[39m: 🚀 [SERVER] is running on port http://localhost:3000
[2025-11-13 14:55:08] [31merror[39m: [ERROR] POST /api/forget-password - jwt is not defined
[2025-11-13 14:55:08] [31merror[39m: Server error! - jwt is not defined, Stack: ReferenceError: jwt is not defined
    at resetAccountMiddleware (file:///C:/Users/MyBook%20Hype%20AMD/Documents/project/sukaaksesnet/server/utils/auth.js:12:3)
    at file:///C:/Users/MyBook%20Hype%20AMD/Documents/project/sukaaksesnet/server/app/controllers/auth.controller.js:44:28
    at file:///C:/Users/MyBook%20Hype%20AMD/Documents/project/sukaaksesnet/server/middleware/asyncHandler.middleware.js:2:19
    at Layer.handle [as handle_request] (C:\Users\MyBook Hype AMD\Documents\project\sukaaksesnet\node_modules\express\lib\router\layer.js:95:5)
    at next (C:\Users\MyBook Hype AMD\Documents\project\sukaaksesnet\node_modules\express\lib\router\route.js:149:13)
    at Route.dispatch (C:\Users\MyBook Hype AMD\Documents\project\sukaaksesnet\node_modules\express\lib\router\route.js:119:3)
    at Layer.handle [as handle_request] (C:\Users\MyBook Hype AMD\Documents\project\sukaaksesnet\node_modules\express\lib\router\layer.js:95:5)
    at C:\Users\MyBook Hype AMD\Documents\project\sukaaksesnet\node_modules\express\lib\router\index.js:284:15
    at Function.process_params (C:\Users\MyBook Hype AMD\Documents\project\sukaaksesnet\node_modules\express\lib\router\index.js:346:12)
    at next (C:\Users\MyBook Hype AMD\Documents\project\sukaaksesnet\node_modules\express\lib\router\index.js:280:10)
[2025-11-13 14:55:33] [32minfo[39m: Database Connected Successfully
[2025-11-13 14:55:33] [32minfo[39m: 🚀 [SERVER] is running on port http://localhost:3000
[2025-11-13 14:55:34] [32minfo[39m: Database Connected Successfully
[2025-11-13 14:55:34] [32minfo[39m: 🚀 [SERVER] is running on port http://localhost:3000
[2025-11-13 14:57:40] [32minfo[39m: Database Connected Successfully
[2025-11-13 14:57:40] [32minfo[39m: 🚀 [SERVER] is running on port http://localhost:3000
[2025-11-13 15:02:57] [32minfo[39m: Database Connected Successfully
[2025-11-13 15:02:57] [32minfo[39m: 🚀 [SERVER] is running on port http://localhost:3000
[2025-11-13 15:05:26] [32minfo[39m: Database Connected Successfully
[2025-11-13 15:05:26] [32minfo[39m: 🚀 [SERVER] is running on port http://localhost:3000
[2025-11-13 15:05:45] [31merror[39m: [ERROR] POST /api/login - Cannot read properties of null (reading 'password')
[2025-11-13 15:05:45] [31merror[39m: Server error! - Cannot read properties of null (reading 'password'), Stack: TypeError: Cannot read properties of null (reading 'password')
    at file:///C:/Users/MyBook%20Hype%20AMD/Documents/project/sukaaksesnet/server/app/controllers/auth.controller.js:17:67
    at process.processTicksAndRejections (node:internal/process/task_queues:105:5)
[2025-11-13 15:05:49] [31merror[39m: [ERROR] POST /api/login - Cannot read properties of null (reading 'password')
[2025-11-13 15:05:49] [31merror[39m: Server error! - Cannot read properties of null (reading 'password'), Stack: TypeError: Cannot read properties of null (reading 'password')
    at file:///C:/Users/MyBook%20Hype%20AMD/Documents/project/sukaaksesnet/server/app/controllers/auth.controller.js:17:67
    at process.processTicksAndRejections (node:internal/process/task_queues:105:5)
[2025-11-13 15:06:30] [31merror[39m: [ERROR] POST /api/login - Cannot read properties of null (reading 'password')
[2025-11-13 15:06:30] [31merror[39m: Server error! - Cannot read properties of null (reading 'password'), Stack: TypeError: Cannot read properties of null (reading 'password')
    at file:///C:/Users/MyBook%20Hype%20AMD/Documents/project/sukaaksesnet/server/app/controllers/auth.controller.js:17:67
    at process.processTicksAndRejections (node:internal/process/task_queues:105:5)
[2025-11-13 15:07:47] [32minfo[39m: Database Connected Successfully
[2025-11-13 15:07:47] [32minfo[39m: 🚀 [SERVER] is running on port http://localhost:3000
[2025-11-13 15:07:50] [32minfo[39m: Database Connected Successfully
[2025-11-13 15:07:51] [32minfo[39m: 🚀 [SERVER] is running on port http://localhost:3000
[2025-11-13 15:12:25] [32minfo[39m: Database Connected Successfully
[2025-11-13 15:12:25] [32minfo[39m: 🚀 [SERVER] is running on port http://localhost:3000
[2025-11-13 15:13:53] [32minfo[39m: Database Connected Successfully
[2025-11-13 15:13:53] [32minfo[39m: 🚀 [SERVER] is running on port http://localhost:3000
[2025-11-13 15:14:58] [32minfo[39m: Database Connected Successfully
[2025-11-13 15:14:58] [32minfo[39m: 🚀 [SERVER] is running on port http://localhost:3000
[2025-11-13 15:15:23] [32minfo[39m: Database Connected Successfully
[2025-11-13 15:15:23] [32minfo[39m: 🚀 [SERVER] is running on port http://localhost:3000
[2025-11-13 15:15:38] [32minfo[39m: Database Connected Successfully
[2025-11-13 15:15:38] [32minfo[39m: 🚀 [SERVER] is running on port http://localhost:3000
[2025-11-13 15:16:02] [32minfo[39m: Database Connected Successfully
[2025-11-13 15:16:02] [32minfo[39m: 🚀 [SERVER] is running on port http://localhost:3000
[2025-11-13 15:17:34] [32minfo[39m: Database Connected Successfully
[2025-11-13 15:17:34] [32minfo[39m: 🚀 [SERVER] is running on port http://localhost:3000
[2025-11-13 15:17:43] [32minfo[39m: Database Connected Successfully
[2025-11-13 15:17:43] [32minfo[39m: 🚀 [SERVER] is running on port http://localhost:3000
[2025-11-13 15:18:54] [32minfo[39m: Database Connected Successfully
[2025-11-13 15:18:54] [32minfo[39m: 🚀 [SERVER] is running on port http://localhost:3000
[2025-11-13 15:19:18] [32minfo[39m: Database Connected Successfully
[2025-11-13 15:19:18] [32minfo[39m: 🚀 [SERVER] is running on port http://localhost:3000
[2025-11-13 15:19:55] [32minfo[39m: Database Connected Successfully
[2025-11-13 15:19:55] [32minfo[39m: 🚀 [SERVER] is running on port http://localhost:3000
[2025-11-13 15:20:34] [32minfo[39m: Database Connected Successfully
[2025-11-13 15:20:34] [32minfo[39m: 🚀 [SERVER] is running on port http://localhost:3000
[2025-11-13 15:20:47] [32minfo[39m: Database Connected Successfully
[2025-11-13 15:20:47] [32minfo[39m: 🚀 [SERVER] is running on port http://localhost:3000
[2025-11-13 15:21:26] [32minfo[39m: Database Connected Successfully
[2025-11-13 15:21:26] [32minfo[39m: 🚀 [SERVER] is running on port http://localhost:3000
[2025-11-13 15:22:59] [32minfo[39m: Database Connected Successfully
[2025-11-13 15:22:59] [32minfo[39m: 🚀 [SERVER] is running on port http://localhost:3000
[2025-11-13 15:23:12] [32minfo[39m: Database Connected Successfully
[2025-11-13 15:23:12] [32minfo[39m: 🚀 [SERVER] is running on port http://localhost:3000
[2025-11-13 15:23:27] [32minfo[39m: Database Connected Successfully
[2025-11-13 15:23:27] [32minfo[39m: 🚀 [SERVER] is running on port http://localhost:3000
[2025-11-13 15:26:17] [32minfo[39m: Database Connected Successfully
[2025-11-13 15:26:17] [32minfo[39m: 🚀 [SERVER] is running on port http://localhost:3000
[2025-11-13 15:27:46] [32minfo[39m: Database Connected Successfully
[2025-11-13 15:27:46] [32minfo[39m: 🚀 [SERVER] is running on port http://localhost:3000
[2025-11-13 15:28:05] [32minfo[39m: Database Connected Successfully
[2025-11-13 15:28:05] [32minfo[39m: 🚀 [SERVER] is running on port http://localhost:3000
[2025-11-13 15:28:20] [32minfo[39m: Database Connected Successfully
[2025-11-13 15:28:20] [32minfo[39m: 🚀 [SERVER] is running on port http://localhost:3000
[2025-11-13 15:28:52] [32minfo[39m: Database Connected Successfully
[2025-11-13 15:28:52] [32minfo[39m: 🚀 [SERVER] is running on port http://localhost:3000
[2025-11-13 15:30:33] [32minfo[39m: Database Connected Successfully
[2025-11-13 15:30:33] [32minfo[39m: 🚀 [SERVER] is running on port http://localhost:3000
[2025-11-13 15:32:52] [32minfo[39m: Database Connected Successfully
[2025-11-13 15:32:52] [32minfo[39m: 🚀 [SERVER] is running on port http://localhost:3000
[2025-11-13 15:33:02] [32minfo[39m: Database Connected Successfully
[2025-11-13 15:33:02] [32minfo[39m: 🚀 [SERVER] is running on port http://localhost:3000
[2025-11-13 15:34:10] [32minfo[39m: Database Connected Successfully
[2025-11-13 15:34:10] [32minfo[39m: 🚀 [SERVER] is running on port http://localhost:3000
[2025-11-13 15:35:41] [32minfo[39m: Database Connected Successfully
[2025-11-13 15:35:41] [32minfo[39m: 🚀 [SERVER] is running on port http://localhost:3000
[2025-11-13 15:37:19] [32minfo[39m: Database Connected Successfully
[2025-11-13 15:37:19] [32minfo[39m: 🚀 [SERVER] is running on port http://localhost:3000
[2025-11-13 15:39:12] [32minfo[39m: Database Connected Successfully
[2025-11-13 15:39:12] [32minfo[39m: 🚀 [SERVER] is running on port http://localhost:3000
[2025-11-13 15:43:43] [32minfo[39m: Database Connected Successfully
[2025-11-13 15:43:43] [32minfo[39m: 🚀 [SERVER] is running on port http://localhost:3000
[2025-11-13 15:45:45] [32minfo[39m: Database Connected Successfully
[2025-11-13 15:45:45] [32minfo[39m: 🚀 [SERVER] is running on port http://localhost:3000
[2025-11-13 15:47:28] [32minfo[39m: Database Connected Successfully
[2025-11-13 15:47:28] [32minfo[39m: 🚀 [SERVER] is running on port http://localhost:3000
[2025-11-13 15:47:56] [32minfo[39m: Database Connected Successfully
[2025-11-13 15:47:56] [32minfo[39m: 🚀 [SERVER] is running on port http://localhost:3000
[2025-11-13 15:49:51] [32minfo[39m: Database Connected Successfully
[2025-11-13 15:49:51] [32minfo[39m: 🚀 [SERVER] is running on port http://localhost:3000
[2025-11-13 15:53:18] [32minfo[39m: Database Connected Successfully
[2025-11-13 15:53:18] [32minfo[39m: 🚀 [SERVER] is running on port http://localhost:3000
[2025-11-13 20:42:21] [31merror[39m: ⚠️ [ERROR] database error 
[2025-11-13 20:42:43] [32minfo[39m: Database Connected Successfully
[2025-11-13 20:42:43] [32minfo[39m: 🚀 [SERVER] is running on port http://localhost:3000
[2025-11-13 20:43:39] [32minfo[39m: Database Connected Successfully
[2025-11-13 20:43:39] [32minfo[39m: 🚀 [SERVER] is running on port http://localhost:3000
[2025-11-13 20:53:36] [32minfo[39m: Database Connected Successfully
[2025-11-13 20:53:36] [32minfo[39m: 🚀 [SERVER] is running on port http://localhost:3000
[2025-11-13 20:54:21] [32minfo[39m: Database Connected Successfully
[2025-11-13 20:54:21] [32minfo[39m: 🚀 [SERVER] is running on port http://localhost:3000
[2025-11-13 20:54:23] [32minfo[39m: Database Connected Successfully
[2025-11-13 20:54:23] [32minfo[39m: 🚀 [SERVER] is running on port http://localhost:3000
[2025-11-13 21:01:03] [31merror[39m: ⚠️ [ERROR] database error 
[2025-11-13 21:01:18] [32minfo[39m: Database Connected Successfully
[2025-11-13 21:01:18] [32minfo[39m: 🚀 [SERVER] is running on port http://localhost:3000
[2025-11-13 21:18:34] [32minfo[39m: Database Connected Successfully
[2025-11-13 21:18:34] [32minfo[39m: 🚀 [SERVER] is running on port http://localhost:3000
[2025-11-22 19:13:21] [32minfo[39m: Database Connected Successfully
[2025-11-22 19:13:21] [32minfo[39m: 🚀 [SERVER] is running on port http://localhost:3000
[2025-11-22 19:17:20] [32minfo[39m: Database Connected Successfully
[2025-11-22 19:17:20] [32minfo[39m: 🚀 [SERVER] is running on port http://localhost:3000
[2025-11-22 19:19:45] [32minfo[39m: Database Connected Successfully
[2025-11-22 19:19:45] [32minfo[39m: 🚀 [SERVER] is running on port http://localhost:3000
[2025-11-22 19:22:05] [32minfo[39m: Database Connected Successfully
[2025-11-22 19:22:05] [32minfo[39m: 🚀 [SERVER] is running on port http://localhost:3000
[2025-11-22 19:26:22] [32minfo[39m: Database Connected Successfully
[2025-11-22 19:26:22] [32minfo[39m: 🚀 [SERVER] is running on port http://localhost:3000
[2025-11-22 19:26:40] [32minfo[39m: Database Connected Successfully
[2025-11-22 19:26:40] [32minfo[39m: 🚀 [SERVER] is running on port http://localhost:3000
[2025-11-22 19:29:51] [32minfo[39m: Database Connected Successfully
[2025-11-22 19:29:51] [32minfo[39m: 🚀 [SERVER] is running on port http://localhost:3000
[2025-11-22 19:31:44] [32minfo[39m: Database Connected Successfully
[2025-11-22 19:31:44] [32minfo[39m: 🚀 [SERVER] is running on port http://localhost:3000
[2025-11-22 19:39:38] [32minfo[39m: Database Connected Successfully
[2025-11-22 19:39:38] [32minfo[39m: 🚀 [SERVER] is running on port http://localhost:3000
[2025-11-22 19:41:54] [32minfo[39m: Database Connected Successfully
[2025-11-22 19:41:54] [32minfo[39m: 🚀 [SERVER] is running on port http://localhost:3000
[2025-11-22 19:41:58] [32minfo[39m: Database Connected Successfully
[2025-11-22 19:41:58] [32minfo[39m: 🚀 [SERVER] is running on port http://localhost:3000
[2025-11-22 19:42:08] [32minfo[39m: Database Connected Successfully
[2025-11-22 19:42:08] [32minfo[39m: 🚀 [SERVER] is running on port http://localhost:3000
[2025-11-22 19:42:17] [32minfo[39m: Database Connected Successfully
[2025-11-22 19:42:17] [32minfo[39m: 🚀 [SERVER] is running on port http://localhost:3000
[2025-11-22 19:42:28] [32minfo[39m: Database Connected Successfully
[2025-11-22 19:42:28] [32minfo[39m: 🚀 [SERVER] is running on port http://localhost:3000
[2025-11-22 19:42:40] [32minfo[39m: Database Connected Successfully
[2025-11-22 19:42:40] [32minfo[39m: 🚀 [SERVER] is running on port http://localhost:3000
[2025-11-22 19:44:08] [32minfo[39m: Database Connected Successfully
[2025-11-22 19:44:08] [32minfo[39m: 🚀 [SERVER] is running on port http://localhost:3000
[2025-11-22 19:44:13] [32minfo[39m: Database Connected Successfully
[2025-11-22 19:44:13] [32minfo[39m: 🚀 [SERVER] is running on port http://localhost:3000
[2025-11-22 19:45:13] [32minfo[39m: Database Connected Successfully
[2025-11-22 19:45:13] [32minfo[39m: 🚀 [SERVER] is running on port http://localhost:3000
[2025-11-22 19:46:48] [32minfo[39m: Database Connected Successfully
[2025-11-22 19:46:48] [32minfo[39m: 🚀 [SERVER] is running on port http://localhost:3000
[2025-11-22 19:47:11] [32minfo[39m: Database Connected Successfully
[2025-11-22 19:47:11] [32minfo[39m: 🚀 [SERVER] is running on port http://localhost:3000
[2025-11-22 19:47:35] [32minfo[39m: Database Connected Successfully
[2025-11-22 19:47:35] [32minfo[39m: 🚀 [SERVER] is running on port http://localhost:3000
[2025-11-22 19:48:19] [32minfo[39m: Database Connected Successfully
[2025-11-22 19:48:19] [32minfo[39m: 🚀 [SERVER] is running on port http://localhost:3000
[2025-11-22 19:50:06] [32minfo[39m: Database Connected Successfully
[2025-11-22 19:50:06] [32minfo[39m: 🚀 [SERVER] is running on port http://localhost:3000
[2025-11-22 19:50:22] [32minfo[39m: Database Connected Successfully
[2025-11-22 19:50:22] [32minfo[39m: 🚀 [SERVER] is running on port http://localhost:3000
[2025-11-22 19:52:09] [32minfo[39m: Database Connected Successfully
[2025-11-22 19:52:09] [32minfo[39m: 🚀 [SERVER] is running on port http://localhost:3000
[2025-11-22 19:52:17] [32minfo[39m: Database Connected Successfully
[2025-11-22 19:52:17] [32minfo[39m: 🚀 [SERVER] is running on port http://localhost:3000
[2025-11-22 19:53:31] [32minfo[39m: Database Connected Successfully
[2025-11-22 19:53:31] [32minfo[39m: 🚀 [SERVER] is running on port http://localhost:3000
[2025-11-22 19:55:09] [32minfo[39m: Database Connected Successfully
[2025-11-22 19:55:09] [32minfo[39m: 🚀 [SERVER] is running on port http://localhost:3000
[2025-11-22 19:55:27] [32minfo[39m: Database Connected Successfully
[2025-11-22 19:55:27] [32minfo[39m: 🚀 [SERVER] is running on port http://localhost:3000
[2025-11-22 19:56:06] [32minfo[39m: Database Connected Successfully
[2025-11-22 19:56:06] [32minfo[39m: 🚀 [SERVER] is running on port http://localhost:3000
[2025-11-22 19:57:25] [32minfo[39m: Database Connected Successfully
[2025-11-22 19:57:25] [32minfo[39m: 🚀 [SERVER] is running on port http://localhost:3000
[2025-11-22 19:57:28] [32minfo[39m: Database Connected Successfully
[2025-11-22 19:57:28] [32minfo[39m: 🚀 [SERVER] is running on port http://localhost:3000
[2025-11-22 19:57:45] [32minfo[39m: Database Connected Successfully
[2025-11-22 19:57:45] [32minfo[39m: 🚀 [SERVER] is running on port http://localhost:3000
[2025-11-22 19:59:19] [32minfo[39m: Database Connected Successfully
[2025-11-22 19:59:19] [32minfo[39m: 🚀 [SERVER] is running on port http://localhost:3000
[2025-11-22 19:59:36] [32minfo[39m: Database Connected Successfully
[2025-11-22 19:59:36] [32minfo[39m: 🚀 [SERVER] is running on port http://localhost:3000
[2025-11-22 20:00:36] [32minfo[39m: Database Connected Successfully
[2025-11-22 20:00:36] [32minfo[39m: 🚀 [SERVER] is running on port http://localhost:3000
[2025-11-22 20:01:32] [32minfo[39m: Database Connected Successfully
[2025-11-22 20:01:32] [32minfo[39m: 🚀 [SERVER] is running on port http://localhost:3000
[2025-11-22 20:01:53] [32minfo[39m: Database Connected Successfully
[2025-11-22 20:01:53] [32minfo[39m: 🚀 [SERVER] is running on port http://localhost:3000
[2025-11-22 20:04:11] [32minfo[39m: Database Connected Successfully
[2025-11-22 20:04:11] [32minfo[39m: 🚀 [SERVER] is running on port http://localhost:3000
[2025-11-22 20:05:59] [32minfo[39m: Database Connected Successfully
[2025-11-22 20:05:59] [32minfo[39m: 🚀 [SERVER] is running on port http://localhost:3000
[2025-11-22 20:06:49] [32minfo[39m: Database Connected Successfully
[2025-11-22 20:06:49] [32minfo[39m: 🚀 [SERVER] is running on port http://localhost:3000
[2025-11-22 20:12:56] [32minfo[39m: Database Connected Successfully
[2025-11-22 20:12:56] [32minfo[39m: 🚀 [SERVER] is running on port http://localhost:3000
[2025-11-22 20:13:45] [32minfo[39m: Database Connected Successfully
[2025-11-22 20:13:45] [32minfo[39m: 🚀 [SERVER] is running on port http://localhost:3000
[2025-11-22 20:14:01] [32minfo[39m: Database Connected Successfully
[2025-11-22 20:14:01] [32minfo[39m: 🚀 [SERVER] is running on port http://localhost:3000
[2025-11-22 20:15:15] [32minfo[39m: Database Connected Successfully
[2025-11-22 20:15:15] [32minfo[39m: 🚀 [SERVER] is running on port http://localhost:3000
[2025-11-22 20:19:39] [32minfo[39m: Database Connected Successfully
[2025-11-22 20:19:39] [32minfo[39m: 🚀 [SERVER] is running on port http://localhost:3000
[2025-11-22 20:22:35] [32minfo[39m: Database Connected Successfully
[2025-11-22 20:22:35] [32minfo[39m: 🚀 [SERVER] is running on port http://localhost:3000
[2025-11-22 20:23:33] [32minfo[39m: Database Connected Successfully
[2025-11-22 20:23:33] [32minfo[39m: 🚀 [SERVER] is running on port http://localhost:3000
[2025-11-22 20:24:58] [32minfo[39m: Database Connected Successfully
[2025-11-22 20:24:58] [32minfo[39m: 🚀 [SERVER] is running on port http://localhost:3000
[2025-11-22 20:30:07] [32minfo[39m: Database Connected Successfully
[2025-11-22 20:30:07] [32minfo[39m: 🚀 [SERVER] is running on port http://localhost:3000
[2025-11-22 20:30:14] [31merror[39m: ❌ Unhandled Rejection: data and hash must be strings
[2025-11-22 20:30:27] [31merror[39m: ❌ Unhandled Rejection: data and hash must be strings
[2025-11-22 20:31:00] [32minfo[39m: Database Connected Successfully
[2025-11-22 20:31:00] [32minfo[39m: 🚀 [SERVER] is running on port http://localhost:3000
[2025-11-22 20:33:32] [32minfo[39m: Database Connected Successfully
[2025-11-22 20:33:32] [32minfo[39m: 🚀 [SERVER] is running on port http://localhost:3000
[2025-11-22 20:33:34] [31merror[39m: [ERROR] POST /api/payment - Joi.email is not a function
[2025-11-22 20:33:34] [31merror[39m: Server error! - Joi.email is not a function, Stack: TypeError: Joi.email is not a function
    at validatePayment (file:///C:/Users/MyBook%20Hype%20AMD/Documents/project/sukaaksesnet/server/middleware/validate.middleware.js:10:24)
    at Layer.handle [as handle_request] (C:\Users\MyBook Hype AMD\Documents\project\sukaaksesnet\node_modules\express\lib\router\layer.js:95:5)
    at next (C:\Users\MyBook Hype AMD\Documents\project\sukaaksesnet\node_modules\express\lib\router\route.js:149:13)
    at Route.dispatch (C:\Users\MyBook Hype AMD\Documents\project\sukaaksesnet\node_modules\express\lib\router\route.js:119:3)
    at Layer.handle [as handle_request] (C:\Users\MyBook Hype AMD\Documents\project\sukaaksesnet\node_modules\express\lib\router\layer.js:95:5)
    at C:\Users\MyBook Hype AMD\Documents\project\sukaaksesnet\node_modules\express\lib\router\index.js:284:15
    at Function.process_params (C:\Users\MyBook Hype AMD\Documents\project\sukaaksesnet\node_modules\express\lib\router\index.js:346:12)
    at next (C:\Users\MyBook Hype AMD\Documents\project\sukaaksesnet\node_modules\express\lib\router\index.js:280:10)
    at Function.handle (C:\Users\MyBook Hype AMD\Documents\project\sukaaksesnet\node_modules\express\lib\router\index.js:175:3)
    at router (C:\Users\MyBook Hype AMD\Documents\project\sukaaksesnet\node_modules\express\lib\router\index.js:47:12)
[2025-11-22 20:33:58] [32minfo[39m: Database Connected Successfully
[2025-11-22 20:33:58] [32minfo[39m: 🚀 [SERVER] is running on port http://localhost:3000
[2025-11-22 20:34:08] [31merror[39m: DUITKU ERROR: Invalid URL
[2025-11-22 20:34:08] [31merror[39m: [ERROR] POST /api/payment - res is not defined
[2025-11-22 20:34:08] [31merror[39m: Server error! - res is not defined, Stack: ReferenceError: res is not defined
    at PaymentServices.postPaymentServices (file:///C:/Users/MyBook%20Hype%20AMD/Documents/project/sukaaksesnet/server/app/services/payment.service.js:62:33)
    at process.processTicksAndRejections (node:internal/process/task_queues:105:5)
    at async file:///C:/Users/MyBook%20Hype%20AMD/Documents/project/sukaaksesnet/server/app/controllers/payment.controller.js:13:24
[2025-11-22 20:34:42] [32minfo[39m: Database Connected Successfully
[2025-11-22 20:34:42] [32minfo[39m: 🚀 [SERVER] is running on port http://localhost:3000
[2025-11-22 20:34:43] [31merror[39m: DUITKU ERROR: Invalid URL
[2025-11-22 20:34:48] [31merror[39m: DUITKU ERROR: Invalid URL
[2025-11-22 20:36:38] [32minfo[39m: Database Connected Successfully
[2025-11-22 20:36:38] [32minfo[39m: 🚀 [SERVER] is running on port http://localhost:3000
[2025-11-22 20:36:44] [31merror[39m: DUITKU ERROR: Invalid URL
[2025-11-22 20:39:07] [32minfo[39m: Database Connected Successfully
[2025-11-22 20:39:07] [32minfo[39m: 🚀 [SERVER] is running on port http://localhost:3000
[2025-11-22 20:39:14] [31merror[39m: DUITKU ERROR: Invalid URL
[2025-11-22 20:39:15] [31merror[39m: DUITKU ERROR: Invalid URL
[2025-11-22 20:39:46] [32minfo[39m: Database Connected Successfully
[2025-11-22 20:39:46] [32minfo[39m: 🚀 [SERVER] is running on port http://localhost:3000
[2025-11-22 20:40:04] [32minfo[39m: Database Connected Successfully
[2025-11-22 20:40:04] [32minfo[39m: 🚀 [SERVER] is running on port http://localhost:3000
[2025-11-22 20:43:24] [31merror[39m: DUITKU ERROR: Invalid URL
[2025-11-22 20:43:40] [31merror[39m: DUITKU ERROR: Invalid URL
[2025-11-22 20:44:13] [31merror[39m: DUITKU ERROR: Invalid URL
[2025-11-22 20:44:56] [31merror[39m: DUITKU ERROR: Invalid URL
[2025-11-22 20:46:26] [32minfo[39m: Database Connected Successfully
[2025-11-22 20:46:26] [32minfo[39m: 🚀 [SERVER] is running on port http://localhost:3000
[2025-11-22 20:46:34] [31merror[39m: DUITKU ERROR: Request failed with status code 401
[2025-11-22 20:46:34] [31merror[39m: DUITKU ERROR: Request failed with status code 401
[2025-11-22 20:46:34] [31merror[39m: DUITKU ERROR: Request failed with status code 401
[2025-11-22 20:46:40] [31merror[39m: DUITKU ERROR: Request failed with status code 401
[2025-11-22 20:47:24] [32minfo[39m: Database Connected Successfully
[2025-11-22 20:47:24] [32minfo[39m: 🚀 [SERVER] is running on port http://localhost:3000
[2025-11-22 20:47:37] [31merror[39m: DUITKU ERROR: Request failed with status code 401
[2025-11-22 20:49:01] [31merror[39m: DUITKU ERROR: Request failed with status code 401
[2025-11-22 20:50:49] [31merror[39m: DUITKU ERROR: Request failed with status code 401
[2025-11-22 20:53:12] [32minfo[39m: Database Connected Successfully
[2025-11-22 20:53:12] [32minfo[39m: 🚀 [SERVER] is running on port http://localhost:3000
[2025-11-22 20:53:19] [31merror[39m: DUITKU ERROR: Request failed with status code 401
[2025-11-22 20:54:29] [32minfo[39m: Database Connected Successfully
[2025-11-22 20:54:29] [32minfo[39m: 🚀 [SERVER] is running on port http://localhost:3000
[2025-11-22 20:54:37] [32minfo[39m: Database Connected Successfully
[2025-11-22 20:54:37] [32minfo[39m: 🚀 [SERVER] is running on port http://localhost:3000
[2025-11-22 20:54:39] [31merror[39m: DUITKU ERROR: Request failed with status code 401
[2025-11-22 20:55:08] [32minfo[39m: Database Connected Successfully
[2025-11-22 20:55:08] [32minfo[39m: 🚀 [SERVER] is running on port http://localhost:3000
[2025-11-22 20:55:11] [31merror[39m: DUITKU ERROR: Request failed with status code 401
[2025-11-22 20:56:07] [32minfo[39m: Database Connected Successfully
[2025-11-22 20:56:07] [32minfo[39m: 🚀 [SERVER] is running on port http://localhost:3000
[2025-11-22 20:56:22] [32minfo[39m: Database Connected Successfully
[2025-11-22 20:56:22] [32minfo[39m: 🚀 [SERVER] is running on port http://localhost:3000
[2025-11-22 20:56:25] [31merror[39m: DUITKU ERROR: Request failed with status code 401
[2025-11-22 20:57:08] [32minfo[39m: Database Connected Successfully
[2025-11-22 20:57:08] [32minfo[39m: 🚀 [SERVER] is running on port http://localhost:3000
[2025-11-22 20:58:17] [32minfo[39m: Database Connected Successfully
[2025-11-22 20:58:17] [32minfo[39m: 🚀 [SERVER] is running on port http://localhost:3000
[2025-11-22 20:59:13] [32minfo[39m: Database Connected Successfully
[2025-11-22 20:59:13] [32minfo[39m: 🚀 [SERVER] is running on port http://localhost:3000
[2025-11-22 20:59:16] [31merror[39m: DUITKU ERROR: Request failed with status code 401
[2025-11-22 20:59:49] [31merror[39m: DUITKU ERROR: Request failed with status code 401
[2025-11-22 21:00:24] [32minfo[39m: Database Connected Successfully
[2025-11-22 21:00:24] [32minfo[39m: 🚀 [SERVER] is running on port http://localhost:3000
[2025-11-22 21:00:34] [32minfo[39m: Database Connected Successfully
[2025-11-22 21:00:34] [32minfo[39m: 🚀 [SERVER] is running on port http://localhost:3000
[2025-11-22 21:00:38] [31merror[39m: DUITKU ERROR: Request failed with status code 401
[2025-11-22 21:02:23] [32minfo[39m: Database Connected Successfully
[2025-11-22 21:02:23] [32minfo[39m: 🚀 [SERVER] is running on port http://localhost:3000
[2025-11-22 21:02:31] [31merror[39m: DUITKU ERROR: Request failed with status code 401
[2025-11-22 21:03:11] [32minfo[39m: Database Connected Successfully
[2025-11-22 21:03:11] [32minfo[39m: 🚀 [SERVER] is running on port http://localhost:3000
[2025-11-22 21:03:15] [32minfo[39m: Database Connected Successfully
[2025-11-22 21:03:15] [32minfo[39m: 🚀 [SERVER] is running on port http://localhost:3000
[2025-11-22 21:03:17] [31merror[39m: DUITKU ERROR: Request failed with status code 401
[2025-11-22 21:04:14] [32minfo[39m: Database Connected Successfully
[2025-11-22 21:04:14] [32minfo[39m: 🚀 [SERVER] is running on port http://localhost:3000
[2025-11-22 21:06:19] [32minfo[39m: Database Connected Successfully
[2025-11-22 21:06:19] [32minfo[39m: 🚀 [SERVER] is running on port http://localhost:3000
[2025-11-22 21:06:32] [31merror[39m: DUITKU ERROR: getaddrinfo ENOTFOUND api-sandbox.duitku.com
[2025-11-22 21:06:32] [31merror[39m: [ERROR] POST /api/payment - getaddrinfo ENOTFOUND api-sandbox.duitku.com
[2025-11-22 21:06:32] [31merror[39m: Server error! - getaddrinfo ENOTFOUND api-sandbox.duitku.com, Stack: Error: getaddrinfo ENOTFOUND api-sandbox.duitku.com
    at AxiosError.from (file:///C:/Users/MyBook%20Hype%20AMD/Documents/project/sukaaksesnet/node_modules/axios/lib/core/AxiosError.js:96:14)
    at RedirectableRequest.handleRequestError (file:///C:/Users/MyBook%20Hype%20AMD/Documents/project/sukaaksesnet/node_modules/axios/lib/adapters/http.js:817:25)
    at RedirectableRequest.emit (node:events:530:35)
    at eventHandlers.<computed> (C:\Users\MyBook Hype AMD\Documents\project\sukaaksesnet\node_modules\follow-redirects\index.js:49:24)
    at ClientRequest.emit (node:events:518:28)
    at emitErrorEvent (node:_http_client:104:11)
    at TLSSocket.socketErrorListener (node:_http_client:518:5)
    at TLSSocket.emit (node:events:518:28)
    at emitErrorNT (node:internal/streams/destroy:170:8)
    at emitErrorCloseNT (node:internal/streams/destroy:129:3)
    at Axios.request (file:///C:/Users/MyBook%20Hype%20AMD/Documents/project/sukaaksesnet/node_modules/axios/lib/core/Axios.js:45:41)
    at process.processTicksAndRejections (node:internal/process/task_queues:105:5)
    at async PaymentServices.postPaymentServices (file:///C:/Users/MyBook%20Hype%20AMD/Documents/project/sukaaksesnet/server/app/services/payment.service.js:38:30)
    at async file:///C:/Users/MyBook%20Hype%20AMD/Documents/project/sukaaksesnet/server/app/controllers/payment.controller.js:13:24
[2025-11-22 21:06:56] [32minfo[39m: Database Connected Successfully
[2025-11-22 21:06:56] [32minfo[39m: 🚀 [SERVER] is running on port http://localhost:3000
[2025-11-22 21:06:59] [32minfo[39m: Database Connected Successfully
[2025-11-22 21:06:59] [32minfo[39m: 🚀 [SERVER] is running on port http://localhost:3000
[2025-11-22 21:07:01] [31merror[39m: DUITKU ERROR: getaddrinfo ENOTFOUND api-sandbox.duitku.com
[2025-11-22 21:07:01] [31merror[39m: [ERROR] POST /api/payment - getaddrinfo ENOTFOUND api-sandbox.duitku.com
[2025-11-22 21:07:01] [31merror[39m: Server error! - getaddrinfo ENOTFOUND api-sandbox.duitku.com, Stack: Error: getaddrinfo ENOTFOUND api-sandbox.duitku.com
    at AxiosError.from (file:///C:/Users/MyBook%20Hype%20AMD/Documents/project/sukaaksesnet/node_modules/axios/lib/core/AxiosError.js:96:14)
    at RedirectableRequest.handleRequestError (file:///C:/Users/MyBook%20Hype%20AMD/Documents/project/sukaaksesnet/node_modules/axios/lib/adapters/http.js:817:25)
    at RedirectableRequest.emit (node:events:530:35)
    at eventHandlers.<computed> (C:\Users\MyBook Hype AMD\Documents\project\sukaaksesnet\node_modules\follow-redirects\index.js:49:24)
    at ClientRequest.emit (node:events:518:28)
    at emitErrorEvent (node:_http_client:104:11)
    at TLSSocket.socketErrorListener (node:_http_client:518:5)
    at TLSSocket.emit (node:events:518:28)
    at emitErrorNT (node:internal/streams/destroy:170:8)
    at emitErrorCloseNT (node:internal/streams/destroy:129:3)
    at Axios.request (file:///C:/Users/MyBook%20Hype%20AMD/Documents/project/sukaaksesnet/node_modules/axios/lib/core/Axios.js:45:41)
    at process.processTicksAndRejections (node:internal/process/task_queues:105:5)
    at async PaymentServices.postPaymentServices (file:///C:/Users/MyBook%20Hype%20AMD/Documents/project/sukaaksesnet/server/app/services/payment.service.js:48:30)
    at async file:///C:/Users/MyBook%20Hype%20AMD/Documents/project/sukaaksesnet/server/app/controllers/payment.controller.js:13:24
